2021-07-26 22:49:42 [INFO ] c.p.r.NativeLoader:64 - ********************************
2021-07-26 22:49:42 [INFO ] c.p.r.NativeLoader:65 - Native library search paths: 
2021-07-26 22:49:42 [INFO ] c.p.r.NativeLoader:948 - C:\Users\ux\AppData\Roaming\PVS-Studio-Java\7.13.48133
2021-07-26 22:49:42 [INFO ] c.p.r.NativeLoader:948 - .
2021-07-26 22:49:42 [INFO ] c.p.r.NativeLoader:948 - C:\Users\ux\AppData\Roaming\PVS-Studio-Java\7.13.48133\..
2021-07-26 22:49:42 [INFO ] c.p.r.NativeLoader:948 - C:\Users\ux\AppData\Roaming\PVS-Studio-Java\7.13.48133\..\..
2021-07-26 22:49:42 [INFO ] c.p.r.NativeLoader:948 - C:\Users\ux\AppData\Roaming\PVS-Studio-Java\7.13.48133\..\..\build
2021-07-26 22:49:42 [INFO ] c.p.r.NativeLoader:67 - Additional path: native/win
2021-07-26 22:49:42 [INFO ] c.p.r.NativeLoader:76 - Native library found: C:\Users\ux\AppData\Roaming\PVS-Studio-Java\7.13.48133\native\win\analysis-core.dll
2021-07-26 22:49:42 [INFO ] c.p.r.NativeLoader:77 - ********************************
2021-07-26 22:49:44 [INFO ] c.p.p.JsonEvaluator:49 - Module: spring-mvc
2021-07-26 22:49:44 [INFO ] c.p.p.JsonEvaluator:50 - Sources:
2021-07-26 22:49:44 [INFO ] c.p.p.JsonEvaluator:75 - C:/Users/ux/IdeaProjects/spring-mvc/2.2.2. spring_mvc/src/main/java
2021-07-26 22:49:44 [INFO ] c.p.p.JsonEvaluator:52 - Classpath:
2021-07-26 22:49:44 [INFO ] c.p.p.JsonEvaluator:75 - C:/Users/ux/IdeaProjects/spring-mvc/lib/spring-jdbc-5.2.3.RELEASE.jar
2021-07-26 22:49:44 [INFO ] c.p.p.JsonEvaluator:75 - C:/Users/ux/IdeaProjects/spring-mvc/lib/spring-jms-5.2.3.RELEASE.jar
2021-07-26 22:49:44 [INFO ] c.p.p.JsonEvaluator:75 - D:/Java/JDK!/java.logging
2021-07-26 22:49:44 [INFO ] c.p.p.JsonEvaluator:75 - D:/Java/JDK!/jdk.jconsole
2021-07-26 22:49:44 [INFO ] c.p.p.JsonEvaluator:75 - C:/Users/ux/.m2/repository/org/springframework/spring-webmvc/5.2.0.RELEASE/spring-webmvc-5.2.0.RELEASE.jar
2021-07-26 22:49:44 [INFO ] c.p.p.JsonEvaluator:75 - C:/Users/ux/IdeaProjects/spring-mvc/lib/spring-messaging-5.2.3.RELEASE.jar
2021-07-26 22:49:44 [INFO ] c.p.p.JsonEvaluator:75 - D:/Java/JDK!/jdk.internal.le
2021-07-26 22:49:44 [INFO ] c.p.p.JsonEvaluator:75 - C:/Users/ux/.m2/repository/org/springframework/spring-web/5.2.0.RELEASE/spring-web-5.2.0.RELEASE.jar
2021-07-26 22:49:44 [INFO ] c.p.p.JsonEvaluator:75 - C:/Users/ux/.m2/repository/org/attoparser/attoparser/2.0.4.RELEASE/attoparser-2.0.4.RELEASE.jar
2021-07-26 22:49:44 [INFO ] c.p.p.JsonEvaluator:75 - D:/Java/JDK!/java.management
2021-07-26 22:49:44 [INFO ] c.p.p.JsonEvaluator:75 - D:/Java/JDK!/jdk.jdi
2021-07-26 22:49:44 [INFO ] c.p.p.JsonEvaluator:75 - D:/Java/JDK!/jdk.editpad
2021-07-26 22:49:44 [INFO ] c.p.p.JsonEvaluator:75 - D:/Java/JDK!/jdk.management
2021-07-26 22:49:44 [INFO ] c.p.p.JsonEvaluator:75 - D:/Java/JDK!/jdk.unsupported
2021-07-26 22:49:44 [INFO ] c.p.p.JsonEvaluator:75 - D:/Java/JDK!/java.compiler
2021-07-26 22:49:44 [INFO ] c.p.p.JsonEvaluator:75 - D:/Java/JDK!/jdk.jartool
2021-07-26 22:49:44 [INFO ] c.p.p.JsonEvaluator:75 - D:/Java/JDK!/java.naming
2021-07-26 22:49:44 [INFO ] c.p.p.JsonEvaluator:75 - D:/Java/JDK!/jdk.jshell
2021-07-26 22:49:44 [INFO ] c.p.p.JsonEvaluator:75 - D:/Java/JDK!/jdk.naming.dns
2021-07-26 22:49:44 [INFO ] c.p.p.JsonEvaluator:75 - D:/Java/JDK!/java.base
2021-07-26 22:49:44 [INFO ] c.p.p.JsonEvaluator:75 - D:/Java/JDK!/jdk.internal.ed
2021-07-26 22:49:44 [INFO ] c.p.p.JsonEvaluator:75 - D:/Java/JDK!/jdk.internal.jvmstat
2021-07-26 22:49:44 [INFO ] c.p.p.JsonEvaluator:75 - C:/Users/ux/.m2/repository/org/unbescape/unbescape/1.1.5.RELEASE/unbescape-1.1.5.RELEASE.jar
2021-07-26 22:49:44 [INFO ] c.p.p.JsonEvaluator:75 - D:/Java/JDK!/java.instrument
2021-07-26 22:49:44 [INFO ] c.p.p.JsonEvaluator:75 - D:/Java/JDK!/jdk.xml.dom
2021-07-26 22:49:44 [INFO ] c.p.p.JsonEvaluator:75 - C:/Users/ux/IdeaProjects/spring-mvc/lib/spring-aop-5.2.3.RELEASE.jar
2021-07-26 22:49:44 [INFO ] c.p.p.JsonEvaluator:75 - D:/Java/JDK!/jdk.accessibility
2021-07-26 22:49:44 [INFO ] c.p.p.JsonEvaluator:75 - D:/Java/JDK!/jdk.security.jgss
2021-07-26 22:49:44 [INFO ] c.p.p.JsonEvaluator:75 - C:/Users/ux/IdeaProjects/spring-mvc/lib/commons-logging-1.2.jar
2021-07-26 22:49:44 [INFO ] c.p.p.JsonEvaluator:75 - D:/Java/JDK!/java.xml
2021-07-26 22:49:44 [INFO ] c.p.p.JsonEvaluator:75 - C:/Users/ux/IdeaProjects/spring-mvc/lib/spring-test-5.2.3.RELEASE.jar
2021-07-26 22:49:44 [INFO ] c.p.p.JsonEvaluator:75 - D:/Java/JDK!/jdk.incubator.foreign
2021-07-26 22:49:44 [INFO ] c.p.p.JsonEvaluator:75 - D:/Java/JDK!/jdk.crypto.cryptoki
2021-07-26 22:49:44 [INFO ] c.p.p.JsonEvaluator:75 - C:/Users/ux/.m2/repository/org/springframework/spring-core/5.2.0.RELEASE/spring-core-5.2.0.RELEASE.jar
2021-07-26 22:49:44 [INFO ] c.p.p.JsonEvaluator:75 - D:/Java/JDK!/jdk.jdwp.agent
2021-07-26 22:49:44 [INFO ] c.p.p.JsonEvaluator:75 - D:/Java/JDK!/jdk.dynalink
2021-07-26 22:49:44 [INFO ] c.p.p.JsonEvaluator:75 - C:/Users/ux/IdeaProjects/spring-mvc/lib/aopalliance-1.0.jar
2021-07-26 22:49:44 [INFO ] c.p.p.JsonEvaluator:75 - D:/Java/JDK!/jdk.sctp
2021-07-26 22:49:44 [INFO ] c.p.p.JsonEvaluator:75 - C:/Users/ux/IdeaProjects/spring-mvc/lib/spring-expression-5.2.3.RELEASE.jar
2021-07-26 22:49:44 [INFO ] c.p.p.JsonEvaluator:75 - D:/Java/JDK!/jdk.naming.rmi
2021-07-26 22:49:44 [INFO ] c.p.p.JsonEvaluator:75 - D:/Java/JDK!/jdk.nio.mapmode
2021-07-26 22:49:44 [INFO ] c.p.p.JsonEvaluator:75 - D:/Java/JDK!/java.security.sasl
2021-07-26 22:49:44 [INFO ] c.p.p.JsonEvaluator:75 - D:/Java/JDK!/jdk.jfr
2021-07-26 22:49:44 [INFO ] c.p.p.JsonEvaluator:75 - D:/Java/JDK!/jdk.unsupported.desktop
2021-07-26 22:49:44 [INFO ] c.p.p.JsonEvaluator:75 - D:/Java/JDK!/jdk.incubator.vector
2021-07-26 22:49:44 [INFO ] c.p.p.JsonEvaluator:75 - C:/Users/ux/IdeaProjects/spring-mvc/lib/spring-aspects-5.2.3.RELEASE.jar
2021-07-26 22:49:44 [INFO ] c.p.p.JsonEvaluator:75 - D:/Java/JDK!/jdk.net
2021-07-26 22:49:44 [INFO ] c.p.p.JsonEvaluator:75 - C:/Users/ux/.m2/repository/javax/servlet/javax.servlet-api/4.0.0/javax.servlet-api-4.0.0.jar
2021-07-26 22:49:44 [INFO ] c.p.p.JsonEvaluator:75 - D:/Java/JDK!/jdk.crypto.mscapi
2021-07-26 22:49:44 [INFO ] c.p.p.JsonEvaluator:75 - D:/Java/JDK!/jdk.hotspot.agent
2021-07-26 22:49:44 [INFO ] c.p.p.JsonEvaluator:75 - D:/Java/JDK!/jdk.internal.vm.ci
2021-07-26 22:49:44 [INFO ] c.p.p.JsonEvaluator:75 - D:/Java/JDK!/java.sql.rowset
2021-07-26 22:49:44 [INFO ] c.p.p.JsonEvaluator:75 - C:/Users/ux/IdeaProjects/spring-mvc/lib/spring-tx-5.2.3.RELEASE.jar
2021-07-26 22:49:44 [INFO ] c.p.p.JsonEvaluator:75 - D:/Java/JDK!/jdk.charsets
2021-07-26 22:49:44 [INFO ] c.p.p.JsonEvaluator:75 - C:/Users/ux/.m2/repository/org/slf4j/slf4j-api/1.7.25/slf4j-api-1.7.25.jar
2021-07-26 22:49:44 [INFO ] c.p.p.JsonEvaluator:75 - C:/Users/ux/.m2/repository/org/thymeleaf/thymeleaf/3.0.9.RELEASE/thymeleaf-3.0.9.RELEASE.jar
2021-07-26 22:49:44 [INFO ] c.p.p.JsonEvaluator:75 - C:/Users/ux/IdeaProjects/spring-mvc/lib/spring-core-5.2.3.RELEASE.jar
2021-07-26 22:49:44 [INFO ] c.p.p.JsonEvaluator:75 - C:/Users/ux/.m2/repository/org/springframework/spring-beans/5.2.0.RELEASE/spring-beans-5.2.0.RELEASE.jar
2021-07-26 22:49:44 [INFO ] c.p.p.JsonEvaluator:75 - D:/Java/JDK!/jdk.security.auth
2021-07-26 22:49:44 [INFO ] c.p.p.JsonEvaluator:75 - C:/Users/ux/IdeaProjects/spring-mvc/lib/spring-instrument-5.2.3.RELEASE.jar
2021-07-26 22:49:44 [INFO ] c.p.p.JsonEvaluator:75 - C:/Users/ux/IdeaProjects/spring-mvc/lib/spring-context-5.2.3.RELEASE.jar
2021-07-26 22:49:44 [INFO ] c.p.p.JsonEvaluator:75 - D:/Java/JDK!/jdk.internal.opt
2021-07-26 22:49:44 [INFO ] c.p.p.JsonEvaluator:75 - D:/Java/JDK!/java.security.jgss
2021-07-26 22:49:44 [INFO ] c.p.p.JsonEvaluator:75 - D:/Java/JDK!/java.net.http
2021-07-26 22:49:44 [INFO ] c.p.p.JsonEvaluator:75 - D:/Java/JDK!/java.xml.crypto
2021-07-26 22:49:44 [INFO ] c.p.p.JsonEvaluator:75 - D:/Java/JDK!/java.transaction.xa
2021-07-26 22:49:44 [INFO ] c.p.p.JsonEvaluator:75 - D:/Java/JDK!/jdk.jcmd
2021-07-26 22:49:44 [INFO ] c.p.p.JsonEvaluator:75 - D:/Java/JDK!/java.se
2021-07-26 22:49:44 [INFO ] c.p.p.JsonEvaluator:75 - D:/Java/JDK!/jdk.httpserver
2021-07-26 22:49:44 [INFO ] c.p.p.JsonEvaluator:75 - C:/Users/ux/.m2/repository/org/thymeleaf/thymeleaf-spring5/3.0.9.RELEASE/thymeleaf-spring5-3.0.9.RELEASE.jar
2021-07-26 22:49:44 [INFO ] c.p.p.JsonEvaluator:75 - D:/Java/JDK!/jdk.jlink
2021-07-26 22:49:44 [INFO ] c.p.p.JsonEvaluator:75 - D:/Java/JDK!/java.rmi
2021-07-26 22:49:44 [INFO ] c.p.p.JsonEvaluator:75 - D:/Java/JDK!/jdk.compiler
2021-07-26 22:49:44 [INFO ] c.p.p.JsonEvaluator:75 - D:/Java/JDK!/java.datatransfer
2021-07-26 22:49:44 [INFO ] c.p.p.JsonEvaluator:75 - D:/Java/JDK!/jdk.localedata
2021-07-26 22:49:44 [INFO ] c.p.p.JsonEvaluator:75 - D:/Java/JDK!/jdk.javadoc
2021-07-26 22:49:44 [INFO ] c.p.p.JsonEvaluator:75 - D:/Java/JDK!/java.prefs
2021-07-26 22:49:44 [INFO ] c.p.p.JsonEvaluator:75 - D:/Java/JDK!/jdk.attach
2021-07-26 22:49:44 [INFO ] c.p.p.JsonEvaluator:75 - D:/Java/JDK!/jdk.management.jfr
2021-07-26 22:49:44 [INFO ] c.p.p.JsonEvaluator:75 - C:/Users/ux/.m2/repository/org/springframework/spring-aop/5.2.0.RELEASE/spring-aop-5.2.0.RELEASE.jar
2021-07-26 22:49:44 [INFO ] c.p.p.JsonEvaluator:75 - C:/Users/ux/.m2/repository/org/springframework/spring-expression/5.2.0.RELEASE/spring-expression-5.2.0.RELEASE.jar
2021-07-26 22:49:44 [INFO ] c.p.p.JsonEvaluator:75 - D:/Java/JDK!/jdk.jsobject
2021-07-26 22:49:44 [INFO ] c.p.p.JsonEvaluator:75 - D:/Java/JDK!/java.scripting
2021-07-26 22:49:44 [INFO ] c.p.p.JsonEvaluator:75 - D:/Java/JDK!/java.smartcardio
2021-07-26 22:49:44 [INFO ] c.p.p.JsonEvaluator:75 - D:/Java/JDK!/jdk.jpackage
2021-07-26 22:49:44 [INFO ] c.p.p.JsonEvaluator:75 - C:/Users/ux/.m2/repository/org/springframework/spring-context/5.2.0.RELEASE/spring-context-5.2.0.RELEASE.jar
2021-07-26 22:49:44 [INFO ] c.p.p.JsonEvaluator:75 - D:/Java/JDK!/jdk.management.agent
2021-07-26 22:49:44 [INFO ] c.p.p.JsonEvaluator:75 - C:/Users/ux/IdeaProjects/spring-mvc/lib/spring-beans-5.2.3.RELEASE.jar
2021-07-26 22:49:44 [INFO ] c.p.p.JsonEvaluator:75 - D:/Java/JDK!/java.management.rmi
2021-07-26 22:49:44 [INFO ] c.p.p.JsonEvaluator:75 - C:/Users/ux/IdeaProjects/spring-mvc/lib/spring-context-support-5.2.3.RELEASE.jar
2021-07-26 22:49:44 [INFO ] c.p.p.JsonEvaluator:75 - C:/Users/ux/IdeaProjects/spring-mvc/lib/spring-orm-5.2.3.RELEASE.jar
2021-07-26 22:49:44 [INFO ] c.p.p.JsonEvaluator:75 - D:/Java/JDK!/java.desktop
2021-07-26 22:49:44 [INFO ] c.p.p.JsonEvaluator:75 - D:/Java/JDK!/jdk.jdeps
2021-07-26 22:49:44 [INFO ] c.p.p.JsonEvaluator:75 - D:/Java/JDK!/jdk.jstatd
2021-07-26 22:49:44 [INFO ] c.p.p.JsonEvaluator:75 - D:/Java/JDK!/java.sql
2021-07-26 22:49:44 [INFO ] c.p.p.JsonEvaluator:75 - D:/Java/JDK!/jdk.crypto.ec
2021-07-26 22:49:44 [INFO ] c.p.p.JsonEvaluator:75 - C:/Users/ux/.m2/repository/org/springframework/spring-jcl/5.2.0.RELEASE/spring-jcl-5.2.0.RELEASE.jar
2021-07-26 22:49:44 [INFO ] c.p.p.JsonEvaluator:75 - C:/Users/ux/IdeaProjects/spring-mvc/lib/spring-oxm-5.2.3.RELEASE.jar
2021-07-26 22:49:44 [INFO ] c.p.p.JsonEvaluator:75 - D:/Java/JDK!/jdk.zipfs
2021-07-26 22:49:44 [INFO ] c.p.p.IncrementalLauncher:154 - Load model from cache...
2021-07-26 22:49:44 [INFO ] c.p.p.IncrementalLauncher:168 - Build model incrementally...
2021-07-26 22:49:44 [INFO ] c.p.p.IncrementalLauncher:169 - Current time: 1627328984789
2021-07-26 22:49:44 [INFO ] c.p.p.IncrementalLauncher:170 - Last build time: 1627321064068
2021-07-26 22:49:44 [INFO ] c.p.p.IncrementalLauncher:171 - Keyset size: 4
2021-07-26 22:49:44 [INFO ] c.p.p.IncrementalLauncher:172 - Input sources size: 9
2021-07-26 22:49:44 [INFO ] c.p.p.IncrementalLauncher:178 - Removed sources size: 0
2021-07-26 22:49:44 [INFO ] c.p.p.IncrementalLauncher:179 - Added sources size: 5
2021-07-26 22:49:44 [INFO ] c.p.p.IncrementalLauncher:180 - Common sources size: 9
2021-07-26 22:49:44 [INFO ] c.p.p.IncrementalLauncher:191 - Incremental sources size: 6
2021-07-26 22:49:44 [INFO ] c.p.p.IncrementalLauncher:194 - Old types size: 4
2021-07-26 22:49:44 [INFO ] c.p.p.IncrementalLauncher:205 - Changed types size: 1
2021-07-26 22:49:44 [INFO ] c.p.p.IncrementalLauncher:207 - Enter types loop
2021-07-26 22:49:44 [INFO ] c.p.p.IncrementalLauncher:229 - Exit types loop
2021-07-26 22:49:44 [INFO ] c.p.p.IncrementalLauncher:241 - Old packages size: 4
2021-07-26 22:49:44 [INFO ] c.p.p.IncrementalLauncher:250 - Data processed
2021-07-26 22:49:44 [INFO ] c.p.p.IncrementalLauncher:256 - Added: 5
2021-07-26 22:49:44 [INFO ] c.p.p.IncrementalLauncher:257 - Removed: 0
2021-07-26 22:49:44 [INFO ] c.p.p.IncrementalLauncher:258 - Modified : 1
2021-07-26 22:49:45 [INFO ] c.p.p.IncrementalLauncher:312 - Cache saving started.
2021-07-26 22:49:45 [INFO ] c.p.p.IncrementalLauncher:355 - Cache saving finished.
2021-07-26 22:49:45 [INFO ] c.p.p.Module:383 - Model build success.
